<?xml version="1.0" encoding="UTF-8"?>
<testng-results ignored="0" total="1" passed="1" failed="0" skipped="0">
  <reporter-output>
  </reporter-output>
  <suite started-at="2023-07-22T12:05:11 MESZ" name="Surefire suite" finished-at="2023-07-22T12:05:32 MESZ" duration-ms="21414">
    <groups>
    </groups>
    <test started-at="2023-07-22T12:05:11 MESZ" name="Surefire test" finished-at="2023-07-22T12:05:32 MESZ" duration-ms="21414">
      <class name="cw.tests.TrendyolTestCase">
        <test-method signature="test()[pri:0, instance:cw.tests.TrendyolTestCase@518caac3]" started-at="2023-07-22T12:05:11 MESZ" name="test" finished-at="2023-07-22T12:05:32 MESZ" duration-ms="21322" status="PASS">
          <reporter-output>
          </reporter-output>
        </test-method> <!-- test -->
      </class> <!-- cw.tests.TrendyolTestCase -->
    </test> <!-- Surefire test -->
  </suite> <!-- Surefire suite -->
</testng-results>
